<?xml version="1.0" encoding="UTF-8"?>
<!-- Generated by org.testng.reporters.JUnitReportReporter -->
<testsuite hostname="DESKTOP-I521FJQ" failures="0" tests="1" name="testscripts.LoginTest" time="23.484" errors="0" timestamp="2022-03-30T15:01:29 IST" skipped="0">
  <testcase classname="testscripts.LoginTest" name="Test" time="23.484"/>
  <system-out/>
</testsuite> <!-- testscripts.LoginTest -->
