<?xml version="1.0" encoding="UTF-8"?>
<!-- Generated by org.testng.reporters.JUnitReportReporter -->
<testsuite hostname="DESKTOP-I521FJQ" failures="0" tests="1" name="testscripts.CustomersTest" time="16.566" errors="0" timestamp="2022-03-30T16:44:46 IST" skipped="0">
  <testcase classname="testscripts.CustomersTest" name="test" time="16.566"/>
  <system-out/>
</testsuite> <!-- testscripts.CustomersTest -->
